INFO:root:start writing the file
INFO:root:write value per date
INFO:root:file generated successfully!!
-------------------------------
INFO:root:start writing the file
INFO:root:write value per date
INFO:root:file generated successfully!!
-------------------------------
INFO:root:start writing the file
INFO:root:write value per date
INFO:root:file generated successfully!!
-------------------------------
INFO:root:start writing the file
INFO:root:write value per date
INFO:root:file generated successfully!!
-------------------------------
INFO:root:start writing the file
INFO:root:write value per date
INFO:root:file generated successfully!!
-------------------------------
INFO:root:start writing the file
INFO:root:write value per date
INFO:root:file generated successfully!!
-------------------------------
INFO:root:start writing the file
INFO:root:write value per date
INFO:root:file generated successfully!!
-------------------------------
INFO:root:start writing the file
INFO:root:write value per date
INFO:root:file generated successfully!!
-------------------------------
INFO:root:start writing the file
INFO:root:write value per date
INFO:root:file generated successfully!!
-------------------------------
INFO:root:start writing the file
INFO:root:write value per date
INFO:root:file generated successfully!!
-------------------------------
INFO:root:start writing the file
INFO:root:write value per date
INFO:root:file generated successfully!!
-------------------------------
INFO:root:start writing the file
INFO:root:write value per date
INFO:root:file generated successfully!!
-------------------------------
INFO:root:start writing the file
INFO:root:write value per date
INFO:root:file generated successfully!!
-------------------------------
INFO:root:date start + 15 minutes
INFO:root:start writing the file
INFO:root:write value per date
INFO:root:file generated successfully!!
-------------------------------
INFO:root:date start + 15 minutes
INFO:root:start writing the file
INFO:root:write value per date
INFO:root:file generated successfully!!
-------------------------------
INFO:root:date start + 15 minutes: 00:15
INFO:root:start writing the file
INFO:root:write value per date
INFO:root:file generated successfully!!
-------------------------------
INFO:root:date start + 15 minutes: 00:15
INFO:root:start writing the file
INFO:root:write value per date
INFO:root:file generated successfully!!
-------------------------------
INFO:root:date start + 15 minutes: 00:15
INFO:root:start writing the file
INFO:root:write value per date
INFO:root:file generated successfully!!
-------------------------------
INFO:root:date start + 15 minutes: 00:15
INFO:root:start writing the file
INFO:root:write value per date
INFO:root:file generated successfully!!
-------------------------------
INFO:root:date start + 15 minutes: 00:15
INFO:root:start writing the file
INFO:root:write value per date
INFO:root:file generated successfully!!
-------------------------------
INFO:root:date start + 15 minutes: 00:15
INFO:root:start writing the file
INFO:root:write value per date
INFO:root:file generated successfully!!
-------------------------------
INFO:root:date start + 15 minutes: 00:15
INFO:root:start writing the file
INFO:root:write value per date
INFO:root:file generated successfully!!
-------------------------------
INFO:root:date start + 15 minutes: 00:15
INFO:root:date start + 15 minutes: 00:15
INFO:root:date start + 15 minutes: 00:15
INFO:root:date start + 15 minutes: 00:15
INFO:root:date start + 15 minutes: 00:15
INFO:root:date start + 15 minutes: 00:15
INFO:root:date start + 15 minutes: 00:15
INFO:root:date start + 15 minutes: 00:15
INFO:root:date start + 15 minutes: 00:15
INFO:root:date start + 15 minutes: 00:15
INFO:root:date start + 15 minutes: 00:15
INFO:root:date start + 15 minutes: 00:15
INFO:root:date start + 15 minutes: 00:15
INFO:root:date start + 15 minutes: 00:15
INFO:root:date start + 15 minutes: 00:15
INFO:root:date start + 15 minutes: 00:15
INFO:root:date start + 15 minutes: 00:15
INFO:root:date start + 15 minutes: 00:15
INFO:root:start writing the file
INFO:root:write value per date
INFO:root:file generated successfully!!
-------------------------------
INFO:root:date start + 15 minutes: 00:15
INFO:root:date start + 15 minutes: 00:15
INFO:root:date start + 15 minutes: 00:15
INFO:root:date start + 15 minutes: 00:15
INFO:root:date start + 15 minutes: 00:15
INFO:root:date start + 15 minutes: 00:15
INFO:root:date start + 15 minutes: 00:15
INFO:root:date start + 15 minutes: 00:15
INFO:root:date start + 15 minutes: 00:15
INFO:root:date start + 15 minutes: 00:15
INFO:root:date start + 15 minutes: 00:15
INFO:root:date start + 15 minutes: 00:15
INFO:root:date start + 15 minutes: 00:15
INFO:root:date start + 15 minutes: 00:15
INFO:root:date start + 15 minutes: 00:15
INFO:root:date start + 15 minutes: 00:15
INFO:root:date start + 15 minutes: 00:15
INFO:root:date start + 15 minutes: 00:15
INFO:root:start writing the file
INFO:root:write value per date
INFO:root:file generated successfully!!
-------------------------------
INFO:root:date start + 15 minutes: 00:15
INFO:root:date start + 15 minutes: 00:30
INFO:root:date start + 15 minutes: 00:45
INFO:root:start writing the file
INFO:root:write value per date
INFO:root:file generated successfully!!
-------------------------------
INFO:root:start writing the file
INFO:root:write value per date
INFO:root:file generated successfully!!
-------------------------------
INFO:root:start writing the file
INFO:root:write value per date
INFO:root:file generated successfully!!
-------------------------------
INFO:root:start writing the file
INFO:root:write value per date
INFO:root:file generated successfully!!
-------------------------------
INFO:root:start writing the file
INFO:root:write value per date
INFO:root:file generated successfully!!
-------------------------------
INFO:root:start writing the file
INFO:root:write value per date
INFO:root:file generated successfully!!
-------------------------------
INFO:root:start writing the file
INFO:root:write value per date
INFO:root:file generated successfully!!
-------------------------------
INFO:root:start writing the file
INFO:root:write value per date
INFO:root:file generated successfully!!
-------------------------------
INFO:root:start writing the file
INFO:root:write value per date
INFO:root:start writing the file
INFO:root:write value per date
INFO:root:file generated successfully!!
-------------------------------
INFO:root:start writing the file
INFO:root:write value per date
INFO:root:file generated successfully!!
-------------------------------
INFO:root:start writing the file
INFO:root:write value per date
INFO:root:file generated successfully!!
-------------------------------
INFO:root:start writing the file
INFO:root:write value per date
INFO:root:file generated successfully!!
-------------------------------
INFO:root:start writing the file
INFO:root:write value per date
INFO:root:file generated successfully!!
-------------------------------
INFO:root:start writing the file
INFO:root:write value per date
INFO:root:file generated successfully!!
-------------------------------
INFO:root:start writing the file
INFO:root:write value per date
INFO:root:file generated successfully!!
-------------------------------
INFO:root:start writing the file
INFO:root:write value per date
INFO:root:file generated successfully!!
-------------------------------
INFO:root:start writing the file
INFO:root:write value per date
INFO:root:file generated successfully!!
-------------------------------
INFO:root:start writing the file
INFO:root:write value per date
INFO:root:file generated successfully!!
-------------------------------
INFO:root:start writing the file
INFO:root:write value per date
INFO:root:file generated successfully!!
-------------------------------
INFO:root:start writing the file
INFO:root:write value per date
INFO:root:file generated successfully!!
-------------------------------
INFO:root:start writing the file
INFO:root:write value per date
INFO:root:file generated successfully!!
-------------------------------
INFO:root:start writing the file
INFO:root:write value per date
INFO:root:file generated successfully!!
-------------------------------
INFO:root:start writing the file
INFO:root:write value per date
INFO:root:file generated successfully!!
-------------------------------
INFO:root:start writing the file
INFO:root:write value per date
INFO:root:file generated successfully!!
-------------------------------
INFO:root:start writing the file
INFO:root:write value per date
INFO:root:file generated successfully!!
-------------------------------
INFO:root:start writing the file
INFO:root:write value per date
INFO:root:file generated successfully!!
-------------------------------
INFO:root:start writing the file
INFO:root:write value per date
INFO:root:file generated successfully!!
-------------------------------
INFO:root:start writing the file
INFO:root:write value per date
INFO:root:file generated successfully!!
-------------------------------
INFO:root:start writing the file
INFO:root:write value per date
INFO:root:file generated successfully!!
-------------------------------
INFO:root:start writing the file
INFO:root:write value per date
INFO:root:file generated successfully!!
-------------------------------
INFO:root:start writing the file
INFO:root:write value per date
INFO:root:file generated successfully!!
-------------------------------
INFO:root:start writing the file
INFO:root:write value per date
INFO:root:file generated successfully!!
-------------------------------
INFO:root:start writing the file
INFO:root:write value per date
INFO:root:file generated successfully!!
-------------------------------
INFO:root:start writing the file
INFO:root:write value per date
INFO:root:file generated successfully!!
-------------------------------
INFO:root:start writing the file
INFO:root:write value per date
INFO:root:file generated successfully!!
-------------------------------
INFO:root:start writing the file
INFO:root:write value per date
INFO:root:file generated successfully!!
-------------------------------
INFO:root:start writing the file
INFO:root:write value per date
INFO:root:file generated successfully!!
-------------------------------
INFO:root:start writing the file
INFO:root:write value per date
INFO:root:file generated successfully!!
-------------------------------
INFO:root:start writing the file
INFO:root:write value per date
INFO:root:file generated successfully!!
-------------------------------
